2016-07-06 18:03:17,118 - RemoteClient - INFO - load libraries
2016-07-06 18:03:18,927 - RemoteClient - INFO - run 'AdbOperation.getFistAdbDevice(())'
2016-07-06 18:03:28,835 - RemoteClient - INFO - run 'AdbOperation.isDeviceExists(('27a9c7b4',))'
2016-07-06 18:03:28,868 - RemoteClient - INFO - run 'DeviceUtil.initTestDevice(('27a9c7b4',))'
2016-07-06 18:04:17,334 - RemoteClient - INFO - run 'AdbOperation.stopAdbServer(())'
2016-07-06 18:04:17,341 - RemoteClient - INFO - run 'AppStartMonitor.main(('27a9c7b4', '/home/one/abts/testqueuepool/1467792496111/AppStartMonitor', {'AppList': {'Phone': 'com.android.dialer', 'Messenger': 'com.google.android.apps.messaging'}}))'
2016-07-06 18:05:19,246 - RemoteClient - INFO - run 'AdbOperation.isDeviceExists(('27a9c7b4',))'
2016-07-06 18:05:19,293 - RemoteClient - INFO - run 'DeviceUtil.initTestDevice(('27a9c7b4',))'
2016-07-06 18:06:07,936 - RemoteClient - INFO - run 'AdbOperation.stopAdbServer(())'
2016-07-06 18:06:07,943 - RemoteClient - INFO - run 'AppStartMonitor.main(('27a9c7b4', '/home/one/abts/testqueuepool/1467792496112/AppStartMonitor', {'AppList': {'Phone': 'com.android.dialer', 'Messenger': 'com.google.android.apps.messaging'}}))'
2016-07-06 18:38:24,512 - RemoteClient - INFO - run 'AdbOperation.isDeviceExists(('27a9c7b4',))'
2016-07-06 18:38:24,539 - RemoteClient - INFO - run 'DeviceUtil.initTestDevice(('27a9c7b4',))'
2016-07-06 18:39:12,921 - RemoteClient - INFO - run 'AdbOperation.stopAdbServer(())'
2016-07-06 18:39:12,928 - RemoteClient - INFO - run 'AppStartMonitor.main(('27a9c7b4', '/home/one/abts/testqueuepool/1467792496113/AppStartMonitor', {'AppList': {'Phone': 'com.android.dialer', 'Messenger': 'com.google.android.apps.messaging'}}))'
2016-07-06 18:43:33,842 - RemoteClient - INFO - run 'AdbOperation.isDeviceExists(('27a9c7b4',))'
2016-07-06 18:43:33,878 - RemoteClient - INFO - run 'DeviceUtil.initTestDevice(('27a9c7b4',))'
2016-07-06 18:44:22,184 - RemoteClient - INFO - run 'AdbOperation.stopAdbServer(())'
2016-07-06 18:44:22,191 - RemoteClient - INFO - run 'AppStartMonitor.main(('27a9c7b4', '/home/one/abts/testqueuepool/1467792496114/AppStartMonitor', {'AppList': {'Phone': 'com.android.dialer', 'Messenger': 'com.google.android.apps.messaging'}}))'
2016-07-06 18:48:02,515 - RemoteClient - INFO - run 'AdbOperation.isDeviceExists(('27a9c7b4',))'
2016-07-06 18:48:02,552 - RemoteClient - INFO - run 'DeviceUtil.initTestDevice(('27a9c7b4',))'
2016-07-06 18:48:50,851 - RemoteClient - INFO - run 'AdbOperation.stopAdbServer(())'
2016-07-06 18:48:50,859 - RemoteClient - INFO - run 'AppStartMonitor.main(('27a9c7b4', '/home/one/abts/testqueuepool/1467792496115/AppStartMonitor', {'AppList': {'Phone': 'com.android.dialer', 'Messenger': 'com.google.android.apps.messaging'}}))'
